cp Makefile.build /home/sbansal/specrun-build/Makefile
make -C /home/sbansal/specrun-build BUILDFLAGS="" specrun2000
make[1]: Entering directory `/home/sbansal/specrun-build'
perl -I/home/sbansal/specrun/misc /home/sbansal/specrun/misc/specrun.pl -bench 2000 -ext gcc48-i386-O0-soft-float gzip bzip2 mcf gap parser
extension gcc48-i386-O0-soft-float
/home/sbansal/specrun-build
gzip : arg0 : gcc48-i386-O0-soft-float :  iter0 : 19.4484469890594
/home/sbansal/specrun-build
gzip : arg1 : gcc48-i386-O0-soft-float :  iter0 : 19.8636410236359
/home/sbansal/specrun-build
gzip : arg2 : gcc48-i386-O0-soft-float :  iter0 : 38.7951588630676
/home/sbansal/specrun-build
gzip : arg3 : gcc48-i386-O0-soft-float :  iter0 : 15.8834211826324
/home/sbansal/specrun-build
gzip : arg4 : gcc48-i386-O0-soft-float :  iter0 : 8.52819991111755
/home/sbansal/specrun-build
bzip2 : arg0 : gcc48-i386-O0-soft-float :  iter0 : 30.8269240856171
/home/sbansal/specrun-build
bzip2 : arg1 : gcc48-i386-O0-soft-float :  iter0 : 40.9232928752899
/home/sbansal/specrun-build
bzip2 : arg2 : gcc48-i386-O0-soft-float :  iter0 : 35.6480979919434
/home/sbansal/specrun-build
mcf : arg0 : gcc48-i386-O0-soft-float :  iter0 : 31.3005349636078
/home/sbansal/specrun-build
gap : arg0 : gcc48-i386-O0-soft-float :  iter0 : 50.3166699409485
parser : arg0 : gcc48-i386-O0-soft-float :  iter0 : 4.24346780776978

/home/sbansal/specrun-build
gzip : arg0 : gcc48-i386-O0-soft-float :  iter1 : 19.5121681690216
/home/sbansal/specrun-build
gzip : arg1 : gcc48-i386-O0-soft-float :  iter1 : 19.4620730876923
/home/sbansal/specrun-build
gzip : arg2 : gcc48-i386-O0-soft-float :  iter1 : 37.9839899539948
/home/sbansal/specrun-build
gzip : arg3 : gcc48-i386-O0-soft-float :  iter1 : 15.6597440242767
/home/sbansal/specrun-build
gzip : arg4 : gcc48-i386-O0-soft-float :  iter1 : 8.48025584220886
/home/sbansal/specrun-build
bzip2 : arg0 : gcc48-i386-O0-soft-float :  iter1 : 30.0352070331573
/home/sbansal/specrun-build
bzip2 : arg1 : gcc48-i386-O0-soft-float :  iter1 : 40.040403842926
/home/sbansal/specrun-build
bzip2 : arg2 : gcc48-i386-O0-soft-float :  iter1 : 35.1327011585236
/home/sbansal/specrun-build
mcf : arg0 : gcc48-i386-O0-soft-float :  iter1 : 31.4212529659271
/home/sbansal/specrun-build
gap : arg0 : gcc48-i386-O0-soft-float :  iter1 : 50.2905378341675
parser : arg0 : gcc48-i386-O0-soft-float :  iter1 : 4.26419401168823

/home/sbansal/specrun-build
gzip : arg0 : gcc48-i386-O0-soft-float :  iter2 : 19.2120778560638
/home/sbansal/specrun-build
gzip : arg1 : gcc48-i386-O0-soft-float :  iter2 : 19.5317850112915
/home/sbansal/specrun-build
gzip : arg2 : gcc48-i386-O0-soft-float :  iter2 : 38.0467369556427
/home/sbansal/specrun-build
gzip : arg3 : gcc48-i386-O0-soft-float :  iter2 : 15.7388501167297
/home/sbansal/specrun-build
gzip : arg4 : gcc48-i386-O0-soft-float :  iter2 : 8.43414402008057
/home/sbansal/specrun-build
bzip2 : arg0 : gcc48-i386-O0-soft-float :  iter2 : 30.038843870163
/home/sbansal/specrun-build
bzip2 : arg1 : gcc48-i386-O0-soft-float :  iter2 : 40.0016169548035
/home/sbansal/specrun-build
bzip2 : arg2 : gcc48-i386-O0-soft-float :  iter2 : 35.453323841095
/home/sbansal/specrun-build
mcf : arg0 : gcc48-i386-O0-soft-float :  iter2 : 31.251876115799
/home/sbansal/specrun-build
gap : arg0 : gcc48-i386-O0-soft-float :  iter2 : 50.5175461769104
parser : arg0 : gcc48-i386-O0-soft-float :  iter2 : 4.25466680526733

/home/sbansal/specrun-build
gzip : arg0 : gcc48-i386-O0-soft-float :  iter3 : 19.2279160022736
/home/sbansal/specrun-build
gzip : arg1 : gcc48-i386-O0-soft-float :  iter3 : 19.4863579273224
/home/sbansal/specrun-build
gzip : arg2 : gcc48-i386-O0-soft-float :  iter3 : 37.9268200397491
/home/sbansal/specrun-build
gzip : arg3 : gcc48-i386-O0-soft-float :  iter3 : 15.6403470039368
/home/sbansal/specrun-build
gzip : arg4 : gcc48-i386-O0-soft-float :  iter3 : 8.44387006759644
/home/sbansal/specrun-build
bzip2 : arg0 : gcc48-i386-O0-soft-float :  iter3 : 30.0747489929199
/home/sbansal/specrun-build
bzip2 : arg1 : gcc48-i386-O0-soft-float :  iter3 : 40.1224601268768
/home/sbansal/specrun-build
bzip2 : arg2 : gcc48-i386-O0-soft-float :  iter3 : 35.0773310661316
/home/sbansal/specrun-build
mcf : arg0 : gcc48-i386-O0-soft-float :  iter3 : 31.4093730449677
/home/sbansal/specrun-build
gap : arg0 : gcc48-i386-O0-soft-float :  iter3 : 50.2822690010071
parser : arg0 : gcc48-i386-O0-soft-float :  iter3 : 4.24315881729126

/home/sbansal/specrun-build
gzip : arg0 : gcc48-i386-O0-soft-float :  iter4 : 19.3754138946533
/home/sbansal/specrun-build
gzip : arg1 : gcc48-i386-O0-soft-float :  iter4 : 19.4535961151123
/home/sbansal/specrun-build
gzip : arg2 : gcc48-i386-O0-soft-float :  iter4 : 37.932147026062
/home/sbansal/specrun-build
gzip : arg3 : gcc48-i386-O0-soft-float :  iter4 : 15.7671570777893
/home/sbansal/specrun-build
gzip : arg4 : gcc48-i386-O0-soft-float :  iter4 : 8.45033597946167
/home/sbansal/specrun-build
bzip2 : arg0 : gcc48-i386-O0-soft-float :  iter4 : 30.0306870937347
/home/sbansal/specrun-build
bzip2 : arg1 : gcc48-i386-O0-soft-float :  iter4 : 40.0081470012665
/home/sbansal/specrun-build
bzip2 : arg2 : gcc48-i386-O0-soft-float :  iter4 : 35.1256880760193
/home/sbansal/specrun-build
mcf : arg0 : gcc48-i386-O0-soft-float :  iter4 : 31.4236581325531
/home/sbansal/specrun-build
gap : arg0 : gcc48-i386-O0-soft-float :  iter4 : 50.2437357902527
parser : arg0 : gcc48-i386-O0-soft-float :  iter4 : 4.26078987121582

perl -I/home/sbansal/specrun/misc /home/sbansal/specrun/misc/specrun.pl -bench 2000 -ext gcc48-i386-O2-soft-float gzip bzip2 mcf gap parser
extension gcc48-i386-O2-soft-float
/home/sbansal/specrun-build
gzip : arg0 : gcc48-i386-O2-soft-float :  iter0 : 12.6526350975037
/home/sbansal/specrun-build
gzip : arg1 : gcc48-i386-O2-soft-float :  iter0 : 13.7362730503082
/home/sbansal/specrun-build
gzip : arg2 : gcc48-i386-O2-soft-float :  iter0 : 22.9070069789886
/home/sbansal/specrun-build
gzip : arg3 : gcc48-i386-O2-soft-float :  iter0 : 11.3263568878174
/home/sbansal/specrun-build
gzip : arg4 : gcc48-i386-O2-soft-float :  iter0 : 5.9592809677124
/home/sbansal/specrun-build
bzip2 : arg0 : gcc48-i386-O2-soft-float :  iter0 : 17.3765330314636
/home/sbansal/specrun-build
bzip2 : arg1 : gcc48-i386-O2-soft-float :  iter0 : 21.6380131244659
/home/sbansal/specrun-build
bzip2 : arg2 : gcc48-i386-O2-soft-float :  iter0 : 18.9122989177704
/home/sbansal/specrun-build
mcf : arg0 : gcc48-i386-O2-soft-float :  iter0 : 22.5177879333496
/home/sbansal/specrun-build
gap : arg0 : gcc48-i386-O2-soft-float :  iter0 : 24.6584091186523
parser : arg0 : gcc48-i386-O2-soft-float :  iter0 : 2.94130492210388

/home/sbansal/specrun-build
gzip : arg0 : gcc48-i386-O2-soft-float :  iter1 : 12.5067591667175
/home/sbansal/specrun-build
gzip : arg1 : gcc48-i386-O2-soft-float :  iter1 : 13.8141031265259
/home/sbansal/specrun-build
gzip : arg2 : gcc48-i386-O2-soft-float :  iter1 : 22.9520909786224
/home/sbansal/specrun-build
gzip : arg3 : gcc48-i386-O2-soft-float :  iter1 : 11.3537490367889
/home/sbansal/specrun-build
gzip : arg4 : gcc48-i386-O2-soft-float :  iter1 : 5.95571899414062
/home/sbansal/specrun-build
bzip2 : arg0 : gcc48-i386-O2-soft-float :  iter1 : 17.3793640136719
/home/sbansal/specrun-build
bzip2 : arg1 : gcc48-i386-O2-soft-float :  iter1 : 21.6268200874329
/home/sbansal/specrun-build
bzip2 : arg2 : gcc48-i386-O2-soft-float :  iter1 : 18.959331035614
/home/sbansal/specrun-build
mcf : arg0 : gcc48-i386-O2-soft-float :  iter1 : 22.3120591640472
/home/sbansal/specrun-build
gap : arg0 : gcc48-i386-O2-soft-float :  iter1 : 24.8088209629059
parser : arg0 : gcc48-i386-O2-soft-float :  iter1 : 2.94052505493164

/home/sbansal/specrun-build
gzip : arg0 : gcc48-i386-O2-soft-float :  iter2 : 12.5322971343994
/home/sbansal/specrun-build
gzip : arg1 : gcc48-i386-O2-soft-float :  iter2 : 13.8070321083069
/home/sbansal/specrun-build
gzip : arg2 : gcc48-i386-O2-soft-float :  iter2 : 22.9478039741516
/home/sbansal/specrun-build
gzip : arg3 : gcc48-i386-O2-soft-float :  iter2 : 11.2905778884888
/home/sbansal/specrun-build
gzip : arg4 : gcc48-i386-O2-soft-float :  iter2 : 6.24110078811646
/home/sbansal/specrun-build
bzip2 : arg0 : gcc48-i386-O2-soft-float :  iter2 : 17.4469389915466
/home/sbansal/specrun-build
bzip2 : arg1 : gcc48-i386-O2-soft-float :  iter2 : 21.5724580287933
/home/sbansal/specrun-build
bzip2 : arg2 : gcc48-i386-O2-soft-float :  iter2 : 18.9180829524994
/home/sbansal/specrun-build
mcf : arg0 : gcc48-i386-O2-soft-float :  iter2 : 22.5186040401459
/home/sbansal/specrun-build
gap : arg0 : gcc48-i386-O2-soft-float :  iter2 : 24.8173270225525
parser : arg0 : gcc48-i386-O2-soft-float :  iter2 : 2.94981908798218

/home/sbansal/specrun-build
gzip : arg0 : gcc48-i386-O2-soft-float :  iter3 : 12.4879109859467
/home/sbansal/specrun-build
gzip : arg1 : gcc48-i386-O2-soft-float :  iter3 : 13.8381841182709
/home/sbansal/specrun-build
gzip : arg2 : gcc48-i386-O2-soft-float :  iter3 : 22.9326870441437
/home/sbansal/specrun-build
gzip : arg3 : gcc48-i386-O2-soft-float :  iter3 : 11.3204641342163
/home/sbansal/specrun-build
gzip : arg4 : gcc48-i386-O2-soft-float :  iter3 : 5.96601486206055
/home/sbansal/specrun-build
bzip2 : arg0 : gcc48-i386-O2-soft-float :  iter3 : 17.3771350383759
/home/sbansal/specrun-build
bzip2 : arg1 : gcc48-i386-O2-soft-float :  iter3 : 21.6179709434509
/home/sbansal/specrun-build
bzip2 : arg2 : gcc48-i386-O2-soft-float :  iter3 : 18.907506942749
/home/sbansal/specrun-build
mcf : arg0 : gcc48-i386-O2-soft-float :  iter3 : 22.5224258899689
/home/sbansal/specrun-build
gap : arg0 : gcc48-i386-O2-soft-float :  iter3 : 24.814327955246
parser : arg0 : gcc48-i386-O2-soft-float :  iter3 : 2.93782997131348

/home/sbansal/specrun-build
gzip : arg0 : gcc48-i386-O2-soft-float :  iter4 : 12.446613073349
/home/sbansal/specrun-build
gzip : arg1 : gcc48-i386-O2-soft-float :  iter4 : 13.8226909637451
/home/sbansal/specrun-build
gzip : arg2 : gcc48-i386-O2-soft-float :  iter4 : 22.9023501873016
/home/sbansal/specrun-build
gzip : arg3 : gcc48-i386-O2-soft-float :  iter4 : 11.497533082962
/home/sbansal/specrun-build
gzip : arg4 : gcc48-i386-O2-soft-float :  iter4 : 5.951327085495
/home/sbansal/specrun-build
bzip2 : arg0 : gcc48-i386-O2-soft-float :  iter4 : 17.3210699558258
/home/sbansal/specrun-build
bzip2 : arg1 : gcc48-i386-O2-soft-float :  iter4 : 21.6658580303192
/home/sbansal/specrun-build
bzip2 : arg2 : gcc48-i386-O2-soft-float :  iter4 : 18.9691259860992
/home/sbansal/specrun-build
mcf : arg0 : gcc48-i386-O2-soft-float :  iter4 : 22.3380830287933
/home/sbansal/specrun-build
gap : arg0 : gcc48-i386-O2-soft-float :  iter4 : 24.8708279132843
parser : arg0 : gcc48-i386-O2-soft-float :  iter4 : 2.93689298629761

perl -I/home/sbansal/specrun/misc /home/sbansal/specrun/misc/specrun.pl -bench 2000 -ext clang36-i386-O0-soft-float gzip bzip2 mcf gap parser
extension clang36-i386-O0-soft-float
/home/sbansal/specrun-build
gzip : arg0 : clang36-i386-O0-soft-float :  iter0 : 21.4584889411926
/home/sbansal/specrun-build
gzip : arg1 : clang36-i386-O0-soft-float :  iter0 : 23.7233831882477
/home/sbansal/specrun-build
gzip : arg2 : clang36-i386-O0-soft-float :  iter0 : 39.1190600395203
/home/sbansal/specrun-build
gzip : arg3 : clang36-i386-O0-soft-float :  iter0 : 19.2493870258331
/home/sbansal/specrun-build
gzip : arg4 : clang36-i386-O0-soft-float :  iter0 : 10.9621939659119
/home/sbansal/specrun-build
bzip2 : arg0 : clang36-i386-O0-soft-float :  iter0 : 32.38352394104
/home/sbansal/specrun-build
bzip2 : arg1 : clang36-i386-O0-soft-float :  iter0 : 43.744341135025
/home/sbansal/specrun-build
bzip2 : arg2 : clang36-i386-O0-soft-float :  iter0 : 38.0892238616943
/home/sbansal/specrun-build
mcf : arg0 : clang36-i386-O0-soft-float :  iter0 : 36.0579748153687
/home/sbansal/specrun-build
gap : arg0 : clang36-i386-O0-soft-float :  iter0 : 62.7514381408691
parser : arg0 : clang36-i386-O0-soft-float :  iter0 : 4.76800298690796

/home/sbansal/specrun-build
gzip : arg0 : clang36-i386-O0-soft-float :  iter1 : 21.4380989074707
/home/sbansal/specrun-build
gzip : arg1 : clang36-i386-O0-soft-float :  iter1 : 23.9508740901947
/home/sbansal/specrun-build
gzip : arg2 : clang36-i386-O0-soft-float :  iter1 : 39.3731880187988
/home/sbansal/specrun-build
gzip : arg3 : clang36-i386-O0-soft-float :  iter1 : 19.0858430862427
/home/sbansal/specrun-build
gzip : arg4 : clang36-i386-O0-soft-float :  iter1 : 10.909108877182
/home/sbansal/specrun-build
bzip2 : arg0 : clang36-i386-O0-soft-float :  iter1 : 32.3661470413208
/home/sbansal/specrun-build
bzip2 : arg1 : clang36-i386-O0-soft-float :  iter1 : 43.7044100761414
/home/sbansal/specrun-build
bzip2 : arg2 : clang36-i386-O0-soft-float :  iter1 : 38.0525250434875
/home/sbansal/specrun-build
mcf : arg0 : clang36-i386-O0-soft-float :  iter1 : 36.0085680484772
/home/sbansal/specrun-build
gap : arg0 : clang36-i386-O0-soft-float :  iter1 : 62.8948380947113
parser : arg0 : clang36-i386-O0-soft-float :  iter1 : 4.70530700683594

/home/sbansal/specrun-build
gzip : arg0 : clang36-i386-O0-soft-float :  iter2 : 21.4372169971466
/home/sbansal/specrun-build
gzip : arg1 : clang36-i386-O0-soft-float :  iter2 : 23.650022983551
/home/sbansal/specrun-build
gzip : arg2 : clang36-i386-O0-soft-float :  iter2 : 39.1519720554352
/home/sbansal/specrun-build
gzip : arg3 : clang36-i386-O0-soft-float :  iter2 : 19.0278158187866
/home/sbansal/specrun-build
gzip : arg4 : clang36-i386-O0-soft-float :  iter2 : 10.92547082901
/home/sbansal/specrun-build
bzip2 : arg0 : clang36-i386-O0-soft-float :  iter2 : 32.4002969264984
/home/sbansal/specrun-build
bzip2 : arg1 : clang36-i386-O0-soft-float :  iter2 : 43.7213020324707
/home/sbansal/specrun-build
bzip2 : arg2 : clang36-i386-O0-soft-float :  iter2 : 38.0354661941528
/home/sbansal/specrun-build
mcf : arg0 : clang36-i386-O0-soft-float :  iter2 : 35.9605271816254
/home/sbansal/specrun-build
gap : arg0 : clang36-i386-O0-soft-float :  iter2 : 62.6688890457153
parser : arg0 : clang36-i386-O0-soft-float :  iter2 : 4.70304894447327

/home/sbansal/specrun-build
gzip : arg0 : clang36-i386-O0-soft-float :  iter3 : 21.4332630634308
/home/sbansal/specrun-build
gzip : arg1 : clang36-i386-O0-soft-float :  iter3 : 23.7091059684753
/home/sbansal/specrun-build
gzip : arg2 : clang36-i386-O0-soft-float :  iter3 : 39.1050379276276
/home/sbansal/specrun-build
gzip : arg3 : clang36-i386-O0-soft-float :  iter3 : 19.2447419166565
/home/sbansal/specrun-build
gzip : arg4 : clang36-i386-O0-soft-float :  iter3 : 10.9235410690308
/home/sbansal/specrun-build
bzip2 : arg0 : clang36-i386-O0-soft-float :  iter3 : 32.3365671634674
/home/sbansal/specrun-build
bzip2 : arg1 : clang36-i386-O0-soft-float :  iter3 : 43.8470759391785
/home/sbansal/specrun-build
bzip2 : arg2 : clang36-i386-O0-soft-float :  iter3 : 38.037957906723
/home/sbansal/specrun-build
mcf : arg0 : clang36-i386-O0-soft-float :  iter3 : 35.9995110034943
/home/sbansal/specrun-build
gap : arg0 : clang36-i386-O0-soft-float :  iter3 : 62.760931968689
parser : arg0 : clang36-i386-O0-soft-float :  iter3 : 4.70684385299683

/home/sbansal/specrun-build
gzip : arg0 : clang36-i386-O0-soft-float :  iter4 : 21.4932100772858
/home/sbansal/specrun-build
gzip : arg1 : clang36-i386-O0-soft-float :  iter4 : 23.7040231227875
/home/sbansal/specrun-build
gzip : arg2 : clang36-i386-O0-soft-float :  iter4 : 39.1409659385681
/home/sbansal/specrun-build
gzip : arg3 : clang36-i386-O0-soft-float :  iter4 : 19.0249989032745
/home/sbansal/specrun-build
gzip : arg4 : clang36-i386-O0-soft-float :  iter4 : 11.0258440971375
/home/sbansal/specrun-build
bzip2 : arg0 : clang36-i386-O0-soft-float :  iter4 : 32.4065890312195
/home/sbansal/specrun-build
bzip2 : arg1 : clang36-i386-O0-soft-float :  iter4 : 43.7935559749603
/home/sbansal/specrun-build
bzip2 : arg2 : clang36-i386-O0-soft-float :  iter4 : 38.0488631725311
/home/sbansal/specrun-build
mcf : arg0 : clang36-i386-O0-soft-float :  iter4 : 35.9862630367279
/home/sbansal/specrun-build
gap : arg0 : clang36-i386-O0-soft-float :  iter4 : 62.7519509792328
parser : arg0 : clang36-i386-O0-soft-float :  iter4 : 4.68040204048157

perl -I/home/sbansal/specrun/misc /home/sbansal/specrun/misc/specrun.pl -bench 2000 -ext clang36-i386-O2-soft-float gzip bzip2 mcf gap parser
extension clang36-i386-O2-soft-float
/home/sbansal/specrun-build
gzip : arg0 : clang36-i386-O2-soft-float :  iter0 : 12.0219252109528
/home/sbansal/specrun-build
gzip : arg1 : clang36-i386-O2-soft-float :  iter0 : 12.8584830760956
/home/sbansal/specrun-build
gzip : arg2 : clang36-i386-O2-soft-float :  iter0 : 22.430074930191
/home/sbansal/specrun-build
gzip : arg3 : clang36-i386-O2-soft-float :  iter0 : 10.8053297996521
/home/sbansal/specrun-build
gzip : arg4 : clang36-i386-O2-soft-float :  iter0 : 5.48601698875427
/home/sbansal/specrun-build
bzip2 : arg0 : clang36-i386-O2-soft-float :  iter0 : 16.8600361347198
/home/sbansal/specrun-build
bzip2 : arg1 : clang36-i386-O2-soft-float :  iter0 : 21.6758010387421
/home/sbansal/specrun-build
bzip2 : arg2 : clang36-i386-O2-soft-float :  iter0 : 18.5158269405365
/home/sbansal/specrun-build
mcf : arg0 : clang36-i386-O2-soft-float :  iter0 : 22.5475311279297
/home/sbansal/specrun-build
gap : arg0 : clang36-i386-O2-soft-float :  iter0 : 25.063549041748
parser : arg0 : clang36-i386-O2-soft-float :  iter0 : 3.02211093902588

/home/sbansal/specrun-build
gzip : arg0 : clang36-i386-O2-soft-float :  iter1 : 11.8840630054474
/home/sbansal/specrun-build
gzip : arg1 : clang36-i386-O2-soft-float :  iter1 : 12.7751929759979
/home/sbansal/specrun-build
gzip : arg2 : clang36-i386-O2-soft-float :  iter1 : 22.4570100307465
/home/sbansal/specrun-build
gzip : arg3 : clang36-i386-O2-soft-float :  iter1 : 10.3198111057281
/home/sbansal/specrun-build
gzip : arg4 : clang36-i386-O2-soft-float :  iter1 : 5.40312695503235
/home/sbansal/specrun-build
bzip2 : arg0 : clang36-i386-O2-soft-float :  iter1 : 16.8520197868347
/home/sbansal/specrun-build
bzip2 : arg1 : clang36-i386-O2-soft-float :  iter1 : 21.6502778530121
/home/sbansal/specrun-build
bzip2 : arg2 : clang36-i386-O2-soft-float :  iter1 : 18.5586130619049
/home/sbansal/specrun-build
mcf : arg0 : clang36-i386-O2-soft-float :  iter1 : 22.3443460464478
/home/sbansal/specrun-build
gap : arg0 : clang36-i386-O2-soft-float :  iter1 : 25.1541881561279
parser : arg0 : clang36-i386-O2-soft-float :  iter1 : 3.0353889465332

/home/sbansal/specrun-build
gzip : arg0 : clang36-i386-O2-soft-float :  iter2 : 11.9519820213318
/home/sbansal/specrun-build
gzip : arg1 : clang36-i386-O2-soft-float :  iter2 : 12.7970449924469
/home/sbansal/specrun-build
gzip : arg2 : clang36-i386-O2-soft-float :  iter2 : 22.5713329315186
/home/sbansal/specrun-build
gzip : arg3 : clang36-i386-O2-soft-float :  iter2 : 10.4799988269806
/home/sbansal/specrun-build
gzip : arg4 : clang36-i386-O2-soft-float :  iter2 : 5.34962105751038
/home/sbansal/specrun-build
bzip2 : arg0 : clang36-i386-O2-soft-float :  iter2 : 16.8180999755859
/home/sbansal/specrun-build
bzip2 : arg1 : clang36-i386-O2-soft-float :  iter2 : 21.7098000049591
/home/sbansal/specrun-build
bzip2 : arg2 : clang36-i386-O2-soft-float :  iter2 : 18.6299197673798
/home/sbansal/specrun-build
mcf : arg0 : clang36-i386-O2-soft-float :  iter2 : 22.3588788509369
/home/sbansal/specrun-build
gap : arg0 : clang36-i386-O2-soft-float :  iter2 : 25.070219039917
parser : arg0 : clang36-i386-O2-soft-float :  iter2 : 3.03184509277344

/home/sbansal/specrun-build
gzip : arg0 : clang36-i386-O2-soft-float :  iter3 : 11.9232521057129
/home/sbansal/specrun-build
gzip : arg1 : clang36-i386-O2-soft-float :  iter3 : 12.766154050827
/home/sbansal/specrun-build
gzip : arg2 : clang36-i386-O2-soft-float :  iter3 : 22.4767181873322
/home/sbansal/specrun-build
gzip : arg3 : clang36-i386-O2-soft-float :  iter3 : 10.3545799255371
/home/sbansal/specrun-build
gzip : arg4 : clang36-i386-O2-soft-float :  iter3 : 5.33917903900146
/home/sbansal/specrun-build
bzip2 : arg0 : clang36-i386-O2-soft-float :  iter3 : 16.8199710845947
/home/sbansal/specrun-build
bzip2 : arg1 : clang36-i386-O2-soft-float :  iter3 : 21.7155969142914
/home/sbansal/specrun-build
bzip2 : arg2 : clang36-i386-O2-soft-float :  iter3 : 18.5186760425568
/home/sbansal/specrun-build
mcf : arg0 : clang36-i386-O2-soft-float :  iter3 : 22.412987947464
/home/sbansal/specrun-build
gap : arg0 : clang36-i386-O2-soft-float :  iter3 : 25.0832581520081
parser : arg0 : clang36-i386-O2-soft-float :  iter3 : 3.03696703910828

/home/sbansal/specrun-build
gzip : arg0 : clang36-i386-O2-soft-float :  iter4 : 11.8650410175323
/home/sbansal/specrun-build
gzip : arg1 : clang36-i386-O2-soft-float :  iter4 : 12.9037399291992
/home/sbansal/specrun-build
gzip : arg2 : clang36-i386-O2-soft-float :  iter4 : 22.3882160186768
/home/sbansal/specrun-build
gzip : arg3 : clang36-i386-O2-soft-float :  iter4 : 10.4681739807129
/home/sbansal/specrun-build
gzip : arg4 : clang36-i386-O2-soft-float :  iter4 : 5.3517210483551
/home/sbansal/specrun-build
bzip2 : arg0 : clang36-i386-O2-soft-float :  iter4 : 16.8328831195831
/home/sbansal/specrun-build
bzip2 : arg1 : clang36-i386-O2-soft-float :  iter4 : 21.6593599319458
/home/sbansal/specrun-build
bzip2 : arg2 : clang36-i386-O2-soft-float :  iter4 : 18.5336771011353
/home/sbansal/specrun-build
mcf : arg0 : clang36-i386-O2-soft-float :  iter4 : 22.3682317733765
/home/sbansal/specrun-build
gap : arg0 : clang36-i386-O2-soft-float :  iter4 : 25.063887834549
parser : arg0 : clang36-i386-O2-soft-float :  iter4 : 3.04536294937134

perl -I/home/sbansal/specrun/misc /home/sbansal/specrun/misc/specrun.pl -bench 2000 -ext icc-i386-O0-soft-float gzip bzip2 mcf gap parser
extension icc-i386-O0-soft-float
/home/sbansal/specrun-build
gzip : arg0 : icc-i386-O0-soft-float :  iter0 : 28.5279250144958
/home/sbansal/specrun-build
gzip : arg1 : icc-i386-O0-soft-float :  iter0 : 27.1059899330139
/home/sbansal/specrun-build
gzip : arg2 : icc-i386-O0-soft-float :  iter0 : 54.7229571342468
/home/sbansal/specrun-build
gzip : arg3 : icc-i386-O0-soft-float :  iter0 : 21.5415060520172
/home/sbansal/specrun-build
gzip : arg4 : icc-i386-O0-soft-float :  iter0 : 14.3058128356934
/home/sbansal/specrun-build
bzip2 : arg0 : icc-i386-O0-soft-float :  iter0 : 33.611289024353
/home/sbansal/specrun-build
bzip2 : arg1 : icc-i386-O0-soft-float :  iter0 : 45.5640590190887
/home/sbansal/specrun-build
bzip2 : arg2 : icc-i386-O0-soft-float :  iter0 : 39.566174030304
/home/sbansal/specrun-build
mcf : arg0 : icc-i386-O0-soft-float :  iter0 : 34.313472032547
/home/sbansal/specrun-build
gap : arg0 : icc-i386-O0-soft-float :  iter0 : 65.1384339332581
parser : arg0 : icc-i386-O0-soft-float :  iter0 : 4.56235313415527

/home/sbansal/specrun-build
gzip : arg0 : icc-i386-O0-soft-float :  iter1 : 28.5667519569397
/home/sbansal/specrun-build
gzip : arg1 : icc-i386-O0-soft-float :  iter1 : 27.1496810913086
/home/sbansal/specrun-build
gzip : arg2 : icc-i386-O0-soft-float :  iter1 : 54.4875440597534
/home/sbansal/specrun-build
gzip : arg3 : icc-i386-O0-soft-float :  iter1 : 21.4229590892792
/home/sbansal/specrun-build
gzip : arg4 : icc-i386-O0-soft-float :  iter1 : 14.2909939289093
/home/sbansal/specrun-build
bzip2 : arg0 : icc-i386-O0-soft-float :  iter1 : 33.5324268341064
/home/sbansal/specrun-build
bzip2 : arg1 : icc-i386-O0-soft-float :  iter1 : 45.5459468364716
/home/sbansal/specrun-build
bzip2 : arg2 : icc-i386-O0-soft-float :  iter1 : 39.4717168807983
/home/sbansal/specrun-build
mcf : arg0 : icc-i386-O0-soft-float :  iter1 : 34.3518900871277
/home/sbansal/specrun-build
gap : arg0 : icc-i386-O0-soft-float :  iter1 : 65.0883638858795
parser : arg0 : icc-i386-O0-soft-float :  iter1 : 4.57220005989075

/home/sbansal/specrun-build
gzip : arg0 : icc-i386-O0-soft-float :  iter2 : 28.5073688030243
/home/sbansal/specrun-build
gzip : arg1 : icc-i386-O0-soft-float :  iter2 : 27.2435948848724
/home/sbansal/specrun-build
gzip : arg2 : icc-i386-O0-soft-float :  iter2 : 54.6434469223022
/home/sbansal/specrun-build
gzip : arg3 : icc-i386-O0-soft-float :  iter2 : 21.4642400741577
/home/sbansal/specrun-build
gzip : arg4 : icc-i386-O0-soft-float :  iter2 : 14.285973072052
/home/sbansal/specrun-build
bzip2 : arg0 : icc-i386-O0-soft-float :  iter2 : 33.4985680580139
/home/sbansal/specrun-build
bzip2 : arg1 : icc-i386-O0-soft-float :  iter2 : 45.597815990448
/home/sbansal/specrun-build
bzip2 : arg2 : icc-i386-O0-soft-float :  iter2 : 39.4806740283966
/home/sbansal/specrun-build
mcf : arg0 : icc-i386-O0-soft-float :  iter2 : 34.3825650215149
/home/sbansal/specrun-build
gap : arg0 : icc-i386-O0-soft-float :  iter2 : 65.0729310512543
parser : arg0 : icc-i386-O0-soft-float :  iter2 : 4.58439016342163

/home/sbansal/specrun-build
gzip : arg0 : icc-i386-O0-soft-float :  iter3 : 28.5032699108124
/home/sbansal/specrun-build
gzip : arg1 : icc-i386-O0-soft-float :  iter3 : 27.2837150096893
/home/sbansal/specrun-build
gzip : arg2 : icc-i386-O0-soft-float :  iter3 : 54.4779570102692
/home/sbansal/specrun-build
gzip : arg3 : icc-i386-O0-soft-float :  iter3 : 21.4755690097809
/home/sbansal/specrun-build
gzip : arg4 : icc-i386-O0-soft-float :  iter3 : 14.2913300991058
/home/sbansal/specrun-build
bzip2 : arg0 : icc-i386-O0-soft-float :  iter3 : 33.5202879905701
/home/sbansal/specrun-build
bzip2 : arg1 : icc-i386-O0-soft-float :  iter3 : 45.5997099876404
/home/sbansal/specrun-build
bzip2 : arg2 : icc-i386-O0-soft-float :  iter3 : 39.5306870937347
/home/sbansal/specrun-build
mcf : arg0 : icc-i386-O0-soft-float :  iter3 : 34.4243249893188
/home/sbansal/specrun-build
gap : arg0 : icc-i386-O0-soft-float :  iter3 : 65.2621431350708
parser : arg0 : icc-i386-O0-soft-float :  iter3 : 4.55669593811035

/home/sbansal/specrun-build
gzip : arg0 : icc-i386-O0-soft-float :  iter4 : 28.5344159603119
/home/sbansal/specrun-build
gzip : arg1 : icc-i386-O0-soft-float :  iter4 : 27.0477030277252
/home/sbansal/specrun-build
gzip : arg2 : icc-i386-O0-soft-float :  iter4 : 54.5982069969177
/home/sbansal/specrun-build
gzip : arg3 : icc-i386-O0-soft-float :  iter4 : 21.40460896492
/home/sbansal/specrun-build
gzip : arg4 : icc-i386-O0-soft-float :  iter4 : 14.3263339996338
/home/sbansal/specrun-build
bzip2 : arg0 : icc-i386-O0-soft-float :  iter4 : 33.4602189064026
/home/sbansal/specrun-build
bzip2 : arg1 : icc-i386-O0-soft-float :  iter4 : 45.5668151378632
/home/sbansal/specrun-build
bzip2 : arg2 : icc-i386-O0-soft-float :  iter4 : 39.5387589931488
/home/sbansal/specrun-build
mcf : arg0 : icc-i386-O0-soft-float :  iter4 : 34.3239359855652
/home/sbansal/specrun-build
gap : arg0 : icc-i386-O0-soft-float :  iter4 : 65.0891351699829
parser : arg0 : icc-i386-O0-soft-float :  iter4 : 4.56891894340515

perl -I/home/sbansal/specrun/misc /home/sbansal/specrun/misc/specrun.pl -bench 2000 -ext icc-i386-O2-soft-float gzip bzip2 mcf gap parser
extension icc-i386-O2-soft-float
/home/sbansal/specrun-build
gzip : arg0 : icc-i386-O2-soft-float :  iter0 : 13.1759471893311
/home/sbansal/specrun-build
gzip : arg1 : icc-i386-O2-soft-float :  iter0 : 14.6309289932251
/home/sbansal/specrun-build
gzip : arg2 : icc-i386-O2-soft-float :  iter0 : 24.1542460918427
/home/sbansal/specrun-build
gzip : arg3 : icc-i386-O2-soft-float :  iter0 : 12.0078389644623
/home/sbansal/specrun-build
gzip : arg4 : icc-i386-O2-soft-float :  iter0 : 6.17048382759094
/home/sbansal/specrun-build
bzip2 : arg0 : icc-i386-O2-soft-float :  iter0 : 16.6812348365784
/home/sbansal/specrun-build
bzip2 : arg1 : icc-i386-O2-soft-float :  iter0 : 20.7924590110779
/home/sbansal/specrun-build
bzip2 : arg2 : icc-i386-O2-soft-float :  iter0 : 18.0147180557251
/home/sbansal/specrun-build
mcf : arg0 : icc-i386-O2-soft-float :  iter0 : 22.649884223938
/home/sbansal/specrun-build
gap : arg0 : icc-i386-O2-soft-float :  iter0 : 26.0095069408417
parser : arg0 : icc-i386-O2-soft-float :  iter0 : 3.00375604629517

/home/sbansal/specrun-build
gzip : arg0 : icc-i386-O2-soft-float :  iter1 : 13.1937210559845
/home/sbansal/specrun-build
gzip : arg1 : icc-i386-O2-soft-float :  iter1 : 14.6837050914764
/home/sbansal/specrun-build
gzip : arg2 : icc-i386-O2-soft-float :  iter1 : 24.1634829044342
/home/sbansal/specrun-build
gzip : arg3 : icc-i386-O2-soft-float :  iter1 : 12.0831727981567
/home/sbansal/specrun-build
gzip : arg4 : icc-i386-O2-soft-float :  iter1 : 6.16112685203552
/home/sbansal/specrun-build
bzip2 : arg0 : icc-i386-O2-soft-float :  iter1 : 16.6320998668671
/home/sbansal/specrun-build
bzip2 : arg1 : icc-i386-O2-soft-float :  iter1 : 20.8982028961182
/home/sbansal/specrun-build
bzip2 : arg2 : icc-i386-O2-soft-float :  iter1 : 17.9958281517029
/home/sbansal/specrun-build
mcf : arg0 : icc-i386-O2-soft-float :  iter1 : 22.6069841384888
/home/sbansal/specrun-build
gap : arg0 : icc-i386-O2-soft-float :  iter1 : 26.0658910274506
parser : arg0 : icc-i386-O2-soft-float :  iter1 : 3.00109601020813

/home/sbansal/specrun-build
gzip : arg0 : icc-i386-O2-soft-float :  iter2 : 13.1675400733948
/home/sbansal/specrun-build
gzip : arg1 : icc-i386-O2-soft-float :  iter2 : 14.4994530677795
/home/sbansal/specrun-build
gzip : arg2 : icc-i386-O2-soft-float :  iter2 : 24.2691030502319
/home/sbansal/specrun-build
gzip : arg3 : icc-i386-O2-soft-float :  iter2 : 12.0424342155457
/home/sbansal/specrun-build
gzip : arg4 : icc-i386-O2-soft-float :  iter2 : 6.16936182975769
/home/sbansal/specrun-build
bzip2 : arg0 : icc-i386-O2-soft-float :  iter2 : 16.6670229434967
/home/sbansal/specrun-build
bzip2 : arg1 : icc-i386-O2-soft-float :  iter2 : 20.8433818817139
/home/sbansal/specrun-build
bzip2 : arg2 : icc-i386-O2-soft-float :  iter2 : 18.1045610904694
/home/sbansal/specrun-build
mcf : arg0 : icc-i386-O2-soft-float :  iter2 : 22.4769861698151
/home/sbansal/specrun-build
gap : arg0 : icc-i386-O2-soft-float :  iter2 : 26.2086279392242
parser : arg0 : icc-i386-O2-soft-float :  iter2 : 3.00126504898071

/home/sbansal/specrun-build
gzip : arg0 : icc-i386-O2-soft-float :  iter3 : 13.2194328308105
/home/sbansal/specrun-build
gzip : arg1 : icc-i386-O2-soft-float :  iter3 : 14.5415179729462
/home/sbansal/specrun-build
gzip : arg2 : icc-i386-O2-soft-float :  iter3 : 24.2265639305115
/home/sbansal/specrun-build
gzip : arg3 : icc-i386-O2-soft-float :  iter3 : 12.0515809059143
/home/sbansal/specrun-build
gzip : arg4 : icc-i386-O2-soft-float :  iter3 : 6.17957901954651
/home/sbansal/specrun-build
bzip2 : arg0 : icc-i386-O2-soft-float :  iter3 : 17.0447580814362
/home/sbansal/specrun-build
bzip2 : arg1 : icc-i386-O2-soft-float :  iter3 : 21.258572101593
/home/sbansal/specrun-build
bzip2 : arg2 : icc-i386-O2-soft-float :  iter3 : 18.2185578346252
/home/sbansal/specrun-build
mcf : arg0 : icc-i386-O2-soft-float :  iter3 : 22.5362088680267
/home/sbansal/specrun-build
gap : arg0 : icc-i386-O2-soft-float :  iter3 : 26.0727491378784
parser : arg0 : icc-i386-O2-soft-float :  iter3 : 3.02966213226318

/home/sbansal/specrun-build
gzip : arg0 : icc-i386-O2-soft-float :  iter4 : 13.2151408195496
/home/sbansal/specrun-build
gzip : arg1 : icc-i386-O2-soft-float :  iter4 : 14.6365830898285
/home/sbansal/specrun-build
gzip : arg2 : icc-i386-O2-soft-float :  iter4 : 24.2913029193878
/home/sbansal/specrun-build
gzip : arg3 : icc-i386-O2-soft-float :  iter4 : 12.4749810695648
/home/sbansal/specrun-build
gzip : arg4 : icc-i386-O2-soft-float :  iter4 : 6.21044206619263
/home/sbansal/specrun-build
bzip2 : arg0 : icc-i386-O2-soft-float :  iter4 : 16.9916400909424
/home/sbansal/specrun-build
bzip2 : arg1 : icc-i386-O2-soft-float :  iter4 : 21.318351984024
/home/sbansal/specrun-build
bzip2 : arg2 : icc-i386-O2-soft-float :  iter4 : 18.0642430782318
/home/sbansal/specrun-build
mcf : arg0 : icc-i386-O2-soft-float :  iter4 : 22.4823758602142
/home/sbansal/specrun-build
gap : arg0 : icc-i386-O2-soft-float :  iter4 : 26.1020419597626
parser : arg0 : icc-i386-O2-soft-float :  iter4 : 3.01363110542297

perl -I/home/sbansal/specrun/misc /home/sbansal/specrun/misc/specrun.pl -bench 2000 -ext ccomp-i386-O0-soft-float gzip bzip2 mcf gap parser
extension ccomp-i386-O0-soft-float
/home/sbansal/specrun-build
gzip : arg0 : ccomp-i386-O0-soft-float :  iter0 : 15.1182479858398
/home/sbansal/specrun-build
gzip : arg1 : ccomp-i386-O0-soft-float :  iter0 : 17.1051230430603
/home/sbansal/specrun-build
gzip : arg2 : ccomp-i386-O0-soft-float :  iter0 : 27.9880740642548
/home/sbansal/specrun-build
gzip : arg3 : ccomp-i386-O0-soft-float :  iter0 : 14.3469591140747
/home/sbansal/specrun-build
gzip : arg4 : ccomp-i386-O0-soft-float :  iter0 : 7.30598902702332
/home/sbansal/specrun-build
bzip2 : arg0 : ccomp-i386-O0-soft-float :  iter0 : 20.0234608650208
/home/sbansal/specrun-build
bzip2 : arg1 : ccomp-i386-O0-soft-float :  iter0 : 26.9393360614777
/home/sbansal/specrun-build
bzip2 : arg2 : ccomp-i386-O0-soft-float :  iter0 : 23.1176390647888
/home/sbansal/specrun-build
mcf : arg0 : ccomp-i386-O0-soft-float :  iter0 : 25.1045401096344
/home/sbansal/specrun-build
gap : arg0 : ccomp-i386-O0-soft-float :  iter0 : 34.6444940567017
parser : arg0 : ccomp-i386-O0-soft-float :  iter0 : 3.57276105880737

/home/sbansal/specrun-build
gzip : arg0 : ccomp-i386-O0-soft-float :  iter1 : 15.1540539264679
/home/sbansal/specrun-build
gzip : arg1 : ccomp-i386-O0-soft-float :  iter1 : 17.0822789669037
/home/sbansal/specrun-build
gzip : arg2 : ccomp-i386-O0-soft-float :  iter1 : 27.9220290184021
/home/sbansal/specrun-build
gzip : arg3 : ccomp-i386-O0-soft-float :  iter1 : 14.3255598545074
/home/sbansal/specrun-build
gzip : arg4 : ccomp-i386-O0-soft-float :  iter1 : 7.30404591560364
/home/sbansal/specrun-build
bzip2 : arg0 : ccomp-i386-O0-soft-float :  iter1 : 20.0204429626465
/home/sbansal/specrun-build
bzip2 : arg1 : ccomp-i386-O0-soft-float :  iter1 : 27.0139579772949
/home/sbansal/specrun-build
bzip2 : arg2 : ccomp-i386-O0-soft-float :  iter1 : 23.1943829059601
/home/sbansal/specrun-build
mcf : arg0 : ccomp-i386-O0-soft-float :  iter1 : 25.1245601177216
/home/sbansal/specrun-build
gap : arg0 : ccomp-i386-O0-soft-float :  iter1 : 34.7000558376312
parser : arg0 : ccomp-i386-O0-soft-float :  iter1 : 3.55185294151306

/home/sbansal/specrun-build
gzip : arg0 : ccomp-i386-O0-soft-float :  iter2 : 15.0437939167023
/home/sbansal/specrun-build
gzip : arg1 : ccomp-i386-O0-soft-float :  iter2 : 17.139102935791
/home/sbansal/specrun-build
gzip : arg2 : ccomp-i386-O0-soft-float :  iter2 : 27.8702621459961
/home/sbansal/specrun-build
gzip : arg3 : ccomp-i386-O0-soft-float :  iter2 : 14.3468639850616
/home/sbansal/specrun-build
gzip : arg4 : ccomp-i386-O0-soft-float :  iter2 : 7.31865119934082
/home/sbansal/specrun-build
bzip2 : arg0 : ccomp-i386-O0-soft-float :  iter2 : 19.9707000255585
/home/sbansal/specrun-build
bzip2 : arg1 : ccomp-i386-O0-soft-float :  iter2 : 27.0119638442993
/home/sbansal/specrun-build
bzip2 : arg2 : ccomp-i386-O0-soft-float :  iter2 : 23.1292560100555
/home/sbansal/specrun-build
mcf : arg0 : ccomp-i386-O0-soft-float :  iter2 : 25.1370189189911
/home/sbansal/specrun-build
gap : arg0 : ccomp-i386-O0-soft-float :  iter2 : 34.6882469654083
parser : arg0 : ccomp-i386-O0-soft-float :  iter2 : 3.55360388755798

/home/sbansal/specrun-build
gzip : arg0 : ccomp-i386-O0-soft-float :  iter3 : 15.038015127182
/home/sbansal/specrun-build
gzip : arg1 : ccomp-i386-O0-soft-float :  iter3 : 17.1106510162354
/home/sbansal/specrun-build
gzip : arg2 : ccomp-i386-O0-soft-float :  iter3 : 27.9225311279297
/home/sbansal/specrun-build
gzip : arg3 : ccomp-i386-O0-soft-float :  iter3 : 14.338917016983
/home/sbansal/specrun-build
gzip : arg4 : ccomp-i386-O0-soft-float :  iter3 : 7.35480403900146
/home/sbansal/specrun-build
bzip2 : arg0 : ccomp-i386-O0-soft-float :  iter3 : 19.9575967788696
/home/sbansal/specrun-build
bzip2 : arg1 : ccomp-i386-O0-soft-float :  iter3 : 26.9627201557159
/home/sbansal/specrun-build
bzip2 : arg2 : ccomp-i386-O0-soft-float :  iter3 : 23.2512669563293
/home/sbansal/specrun-build
mcf : arg0 : ccomp-i386-O0-soft-float :  iter3 : 25.087690114975
/home/sbansal/specrun-build
gap : arg0 : ccomp-i386-O0-soft-float :  iter3 : 34.6645820140839
parser : arg0 : ccomp-i386-O0-soft-float :  iter3 : 3.55768084526062

/home/sbansal/specrun-build
gzip : arg0 : ccomp-i386-O0-soft-float :  iter4 : 15.0953691005707
/home/sbansal/specrun-build
gzip : arg1 : ccomp-i386-O0-soft-float :  iter4 : 17.1191630363464
/home/sbansal/specrun-build
gzip : arg2 : ccomp-i386-O0-soft-float :  iter4 : 27.931872844696
/home/sbansal/specrun-build
gzip : arg3 : ccomp-i386-O0-soft-float :  iter4 : 14.3942940235138
/home/sbansal/specrun-build
gzip : arg4 : ccomp-i386-O0-soft-float :  iter4 : 7.30938196182251
/home/sbansal/specrun-build
bzip2 : arg0 : ccomp-i386-O0-soft-float :  iter4 : 20.0059089660645
/home/sbansal/specrun-build
bzip2 : arg1 : ccomp-i386-O0-soft-float :  iter4 : 26.9561269283295
/home/sbansal/specrun-build
bzip2 : arg2 : ccomp-i386-O0-soft-float :  iter4 : 23.1261479854584
/home/sbansal/specrun-build
mcf : arg0 : ccomp-i386-O0-soft-float :  iter4 : 25.1803121566772
/home/sbansal/specrun-build
gap : arg0 : ccomp-i386-O0-soft-float :  iter4 : 34.740877866745
parser : arg0 : ccomp-i386-O0-soft-float :  iter4 : 3.53179812431335

perl -I/home/sbansal/specrun/misc /home/sbansal/specrun/misc/specrun.pl -bench 2000 -ext ccomp-i386-O2-soft-float gzip bzip2 mcf gap parser
extension ccomp-i386-O2-soft-float
/home/sbansal/specrun-build
gzip : arg0 : ccomp-i386-O2-soft-float :  iter0 : 13.6294989585876
/home/sbansal/specrun-build
gzip : arg1 : ccomp-i386-O2-soft-float :  iter0 : 15.2873001098633
/home/sbansal/specrun-build
gzip : arg2 : ccomp-i386-O2-soft-float :  iter0 : 25.1469171047211
/home/sbansal/specrun-build
gzip : arg3 : ccomp-i386-O2-soft-float :  iter0 : 12.6786148548126
/home/sbansal/specrun-build
gzip : arg4 : ccomp-i386-O2-soft-float :  iter0 : 6.63684511184692
/home/sbansal/specrun-build
bzip2 : arg0 : ccomp-i386-O2-soft-float :  iter0 : 17.7036340236664
/home/sbansal/specrun-build
bzip2 : arg1 : ccomp-i386-O2-soft-float :  iter0 : 23.3320689201355
/home/sbansal/specrun-build
bzip2 : arg2 : ccomp-i386-O2-soft-float :  iter0 : 20.1160070896149
/home/sbansal/specrun-build
mcf : arg0 : ccomp-i386-O2-soft-float :  iter0 : 24.6524438858032
/home/sbansal/specrun-build
gap : arg0 : ccomp-i386-O2-soft-float :  iter0 : 29.5461919307709
parser : arg0 : ccomp-i386-O2-soft-float :  iter0 : 3.30503916740417

/home/sbansal/specrun-build
gzip : arg0 : ccomp-i386-O2-soft-float :  iter1 : 13.7118399143219
/home/sbansal/specrun-build
gzip : arg1 : ccomp-i386-O2-soft-float :  iter1 : 15.2602159976959
/home/sbansal/specrun-build
gzip : arg2 : ccomp-i386-O2-soft-float :  iter1 : 25.3267178535461
/home/sbansal/specrun-build
gzip : arg3 : ccomp-i386-O2-soft-float :  iter1 : 12.5920059680939
/home/sbansal/specrun-build
gzip : arg4 : ccomp-i386-O2-soft-float :  iter1 : 6.59832215309143
/home/sbansal/specrun-build
bzip2 : arg0 : ccomp-i386-O2-soft-float :  iter1 : 17.7219960689545
/home/sbansal/specrun-build
bzip2 : arg1 : ccomp-i386-O2-soft-float :  iter1 : 23.3132650852203
/home/sbansal/specrun-build
bzip2 : arg2 : ccomp-i386-O2-soft-float :  iter1 : 20.1660461425781
/home/sbansal/specrun-build
mcf : arg0 : ccomp-i386-O2-soft-float :  iter1 : 24.745001077652
/home/sbansal/specrun-build
gap : arg0 : ccomp-i386-O2-soft-float :  iter1 : 29.5611569881439
parser : arg0 : ccomp-i386-O2-soft-float :  iter1 : 3.29450917243958

/home/sbansal/specrun-build
gzip : arg0 : ccomp-i386-O2-soft-float :  iter2 : 13.6464838981628
/home/sbansal/specrun-build
gzip : arg1 : ccomp-i386-O2-soft-float :  iter2 : 15.2694449424744
/home/sbansal/specrun-build
gzip : arg2 : ccomp-i386-O2-soft-float :  iter2 : 25.2070960998535
/home/sbansal/specrun-build
gzip : arg3 : ccomp-i386-O2-soft-float :  iter2 : 12.7240591049194
/home/sbansal/specrun-build
gzip : arg4 : ccomp-i386-O2-soft-float :  iter2 : 6.5854160785675
/home/sbansal/specrun-build
bzip2 : arg0 : ccomp-i386-O2-soft-float :  iter2 : 17.7242300510406
/home/sbansal/specrun-build
bzip2 : arg1 : ccomp-i386-O2-soft-float :  iter2 : 23.4111320972443
/home/sbansal/specrun-build
bzip2 : arg2 : ccomp-i386-O2-soft-float :  iter2 : 20.16694688797
/home/sbansal/specrun-build
mcf : arg0 : ccomp-i386-O2-soft-float :  iter2 : 24.8032729625702
/home/sbansal/specrun-build
gap : arg0 : ccomp-i386-O2-soft-float :  iter2 : 29.6626749038696
parser : arg0 : ccomp-i386-O2-soft-float :  iter2 : 3.30026412010193

/home/sbansal/specrun-build
gzip : arg0 : ccomp-i386-O2-soft-float :  iter3 : 13.6165511608124
/home/sbansal/specrun-build
gzip : arg1 : ccomp-i386-O2-soft-float :  iter3 : 15.2064888477325
/home/sbansal/specrun-build
gzip : arg2 : ccomp-i386-O2-soft-float :  iter3 : 25.1646981239319
/home/sbansal/specrun-build
gzip : arg3 : ccomp-i386-O2-soft-float :  iter3 : 12.6968970298767
/home/sbansal/specrun-build
gzip : arg4 : ccomp-i386-O2-soft-float :  iter3 : 6.5549681186676
/home/sbansal/specrun-build
bzip2 : arg0 : ccomp-i386-O2-soft-float :  iter3 : 17.7068328857422
/home/sbansal/specrun-build
bzip2 : arg1 : ccomp-i386-O2-soft-float :  iter3 : 23.420783996582
/home/sbansal/specrun-build
bzip2 : arg2 : ccomp-i386-O2-soft-float :  iter3 : 20.1159698963165
/home/sbansal/specrun-build
mcf : arg0 : ccomp-i386-O2-soft-float :  iter3 : 24.7440350055695
/home/sbansal/specrun-build
gap : arg0 : ccomp-i386-O2-soft-float :  iter3 : 29.5942761898041
parser : arg0 : ccomp-i386-O2-soft-float :  iter3 : 3.28833699226379

/home/sbansal/specrun-build
gzip : arg0 : ccomp-i386-O2-soft-float :  iter4 : 13.7573299407959
/home/sbansal/specrun-build
gzip : arg1 : ccomp-i386-O2-soft-float :  iter4 : 15.222608089447
/home/sbansal/specrun-build
gzip : arg2 : ccomp-i386-O2-soft-float :  iter4 : 25.1520149707794
/home/sbansal/specrun-build
gzip : arg3 : ccomp-i386-O2-soft-float :  iter4 : 12.5917329788208
/home/sbansal/specrun-build
gzip : arg4 : ccomp-i386-O2-soft-float :  iter4 : 6.58730602264404
/home/sbansal/specrun-build
bzip2 : arg0 : ccomp-i386-O2-soft-float :  iter4 : 17.6957340240479
/home/sbansal/specrun-build
bzip2 : arg1 : ccomp-i386-O2-soft-float :  iter4 : 23.408166885376
/home/sbansal/specrun-build
bzip2 : arg2 : ccomp-i386-O2-soft-float :  iter4 : 20.1248319149017
/home/sbansal/specrun-build
mcf : arg0 : ccomp-i386-O2-soft-float :  iter4 : 24.7423329353333
/home/sbansal/specrun-build
gap : arg0 : ccomp-i386-O2-soft-float :  iter4 : 29.6020350456238
parser : arg0 : ccomp-i386-O2-soft-float :  iter4 : 3.31541585922241

make[1]: Leaving directory `/home/sbansal/specrun-build'
